0 info it worked if it ends with ok
1 verbose cli [ '/usr/local/bin/node',
1 verbose cli   '/home/diego/Nuevo/workspace_VS/eh-unmsm-client/node_modules/.bin/npm',
1 verbose cli   'run',
1 verbose cli   'server:dev' ]
2 info using npm@3.10.10
3 info using node@v7.6.0
4 verbose run-script [ 'preserver:dev', 'server:dev', 'postserver:dev' ]
5 info lifecycle ng2-admin@0.9.0~preserver:dev: ng2-admin@0.9.0
6 silly lifecycle ng2-admin@0.9.0~preserver:dev: no script for preserver:dev, continuing
7 info lifecycle ng2-admin@0.9.0~server:dev: ng2-admin@0.9.0
8 verbose lifecycle ng2-admin@0.9.0~server:dev: unsafe-perm in lifecycle true
9 verbose lifecycle ng2-admin@0.9.0~server:dev: PATH: /home/diego/Nuevo/workspace_VS/eh-unmsm-client/node_modules/npm/bin/node-gyp-bin:/home/diego/Nuevo/workspace_VS/eh-unmsm-client/node_modules/.bin:/usr/local/lib/node_modules/npm/bin/node-gyp-bin:/home/diego/Nuevo/workspace_VS/eh-unmsm-client/node_modules/.bin:/usr/local/sbin:/usr/local/bin:/usr/sbin:/usr/bin:/sbin:/bin:/usr/games:/usr/local/games:/snap/bin:/usr/lib/jvm/java-8-oracle/bin:/usr/lib/jvm/java-8-oracle/db/bin:/usr/lib/jvm/java-8-oracle/jre/bin:/usr/lib/java/jdk1.8.0_101/bin
10 verbose lifecycle ng2-admin@0.9.0~server:dev: CWD: /home/diego/Nuevo/workspace_VS/eh-unmsm-client
11 silly lifecycle ng2-admin@0.9.0~server:dev: Args: [ '-c',
11 silly lifecycle   'webpack-dev-server --config config/webpack.dev.js --progress --profile --watch --content-base src/' ]
12 silly lifecycle ng2-admin@0.9.0~server:dev: Returned: code: 1  signal: null
13 info lifecycle ng2-admin@0.9.0~server:dev: Failed to exec server:dev script
14 verbose stack Error: ng2-admin@0.9.0 server:dev: `webpack-dev-server --config config/webpack.dev.js --progress --profile --watch --content-base src/`
14 verbose stack Exit status 1
14 verbose stack     at EventEmitter.<anonymous> (/home/diego/Nuevo/workspace_VS/eh-unmsm-client/node_modules/npm/lib/utils/lifecycle.js:255:16)
14 verbose stack     at emitTwo (events.js:106:13)
14 verbose stack     at EventEmitter.emit (events.js:192:7)
14 verbose stack     at ChildProcess.<anonymous> (/home/diego/Nuevo/workspace_VS/eh-unmsm-client/node_modules/npm/lib/utils/spawn.js:40:14)
14 verbose stack     at emitTwo (events.js:106:13)
14 verbose stack     at ChildProcess.emit (events.js:192:7)
14 verbose stack     at maybeClose (internal/child_process.js:890:16)
14 verbose stack     at Process.ChildProcess._handle.onexit (internal/child_process.js:226:5)
15 verbose pkgid ng2-admin@0.9.0
16 verbose cwd /home/diego/Nuevo/workspace_VS/eh-unmsm-client
17 error Linux 4.4.0-71-generic
18 error argv "/usr/local/bin/node" "/home/diego/Nuevo/workspace_VS/eh-unmsm-client/node_modules/.bin/npm" "run" "server:dev"
19 error node v7.6.0
20 error npm  v3.10.10
21 error code ELIFECYCLE
22 error ng2-admin@0.9.0 server:dev: `webpack-dev-server --config config/webpack.dev.js --progress --profile --watch --content-base src/`
22 error Exit status 1
23 error Failed at the ng2-admin@0.9.0 server:dev script 'webpack-dev-server --config config/webpack.dev.js --progress --profile --watch --content-base src/'.
23 error Make sure you have the latest version of node.js and npm installed.
23 error If you do, this is most likely a problem with the ng2-admin package,
23 error not with npm itself.
23 error Tell the author that this fails on your system:
23 error     webpack-dev-server --config config/webpack.dev.js --progress --profile --watch --content-base src/
23 error You can get information on how to open an issue for this project with:
23 error     npm bugs ng2-admin
23 error Or if that isn't available, you can get their info via:
23 error     npm owner ls ng2-admin
23 error There is likely additional logging output above.
24 verbose exit [ 1, true ]
